[  0%] Built target actionlib_msgs_generate_messages_lisp
[  0%] Built target actionlib_msgs_generate_messages_cpp
[  0%] Built target actionlib_msgs_generate_messages_py
[  0%] Built target actionlib_msgs_generate_messages_nodejs
[  0%] Built target actionlib_msgs_generate_messages_eus
[  0%] Built target my_package_generate_messages_cpp
[  0%] Built target my_package_generate_messages_lisp
[  0%] Built target my_package_generate_messages_nodejs
[  0%] Built target my_package_generate_messages_py
[ 33%] Built target my_package_generate_messages_eus
[35m[1mScanning dependencies of target laserScanner[0m
[ 66%] [32mBuilding CXX object CMakeFiles/laserScanner.dir/src/laserScanner.cpp.o[0m
[ 66%] Built target my_package_generate_messages
[01m[K/home/cexxo39/excercise4_ws/src/my_package/src/laserScanner.cpp:[m[K In function â€˜[01m[Kint main(int, char**)[m[Kâ€™:
[01m[K/home/cexxo39/excercise4_ws/src/my_package/src/laserScanner.cpp:15:48:[m[K [01;31m[Kerror: [m[Kno matching function for call to â€˜[01m[Kros::NodeHandle::subscribe(const char [6], int)[m[Kâ€™
   15 |  ros::Subscriber sub = n.subscribe("/scan",1000[01;31m[K)[m[K;
      |                                                [01;31m[K^[m[K
In file included from [01m[K/opt/ros/noetic/include/ros/ros.h:45[m[K,
                 from [01m[K/home/cexxo39/excercise4_ws/src/my_package/src/laserScanner.cpp:1[m[K:
[01m[K/opt/ros/noetic/include/ros/node_handle.h:402:14:[m[K [01;36m[Knote: [m[Kcandidate: â€˜[01m[Ktemplate<class M, class T> ros::Subscriber ros::NodeHandle::subscribe(const string&, uint32_t, void (T::*)(M), T*, const ros::TransportHints&)[m[Kâ€™
  402 |   Subscriber [01;36m[Ksubscribe[m[K(const std::string& topic, uint32_t queue_size, void(T::*fp)(M), T* obj,
      |              [01;36m[K^~~~~~~~~[m[K
[01m[K/opt/ros/noetic/include/ros/node_handle.h:402:14:[m[K [01;36m[Knote: [m[K  template argument deduction/substitution failed:
[01m[K/home/cexxo39/excercise4_ws/src/my_package/src/laserScanner.cpp:15:48:[m[K [01;36m[Knote: [m[K  candidate expects 5 arguments, 2 provided
   15 |  ros::Subscriber sub = n.subscribe("/scan",1000[01;36m[K)[m[K;
      |                                                [01;36m[K^[m[K
In file included from [01m[K/opt/ros/noetic/include/ros/ros.h:45[m[K,
                 from [01m[K/home/cexxo39/excercise4_ws/src/my_package/src/laserScanner.cpp:1[m[K:
[01m[K/opt/ros/noetic/include/ros/node_handle.h:413:14:[m[K [01;36m[Knote: [m[Kcandidate: â€˜[01m[Ktemplate<class M, class T> ros::Subscriber ros::NodeHandle::subscribe(const string&, uint32_t, void (T::*)(M) const, T*, const ros::TransportHints&)[m[Kâ€™
  413 |   Subscriber [01;36m[Ksubscribe[m[K(const std::string& topic, uint32_t queue_size, void(T::*fp)(M) const, T* obj,
      |              [01;36m[K^~~~~~~~~[m[K
[01m[K/opt/ros/noetic/include/ros/node_handle.h:413:14:[m[K [01;36m[Knote: [m[K  template argument deduction/substitution failed:
[01m[K/home/cexxo39/excercise4_ws/src/my_package/src/laserScanner.cpp:15:48:[m[K [01;36m[Knote: [m[K  candidate expects 5 arguments, 2 provided
   15 |  ros::Subscriber sub = n.subscribe("/scan",1000[01;36m[K)[m[K;
      |                                                [01;36m[K^[m[K
In file included from [01m[K/opt/ros/noetic/include/ros/ros.h:45[m[K,
                 from [01m[K/home/cexxo39/excercise4_ws/src/my_package/src/laserScanner.cpp:1[m[K:
[01m[K/opt/ros/noetic/include/ros/node_handle.h:465:14:[m[K [01;36m[Knote: [m[Kcandidate: â€˜[01m[Ktemplate<class M, class T> ros::Subscriber ros::NodeHandle::subscribe(const string&, uint32_t, void (T::*)(const boost::shared_ptr<const M>&), T*, const ros::TransportHints&)[m[Kâ€™
  465 |   Subscriber [01;36m[Ksubscribe[m[K(const std::string& topic, uint32_t queue_size,
      |              [01;36m[K^~~~~~~~~[m[K
[01m[K/opt/ros/noetic/include/ros/node_handle.h:465:14:[m[K [01;36m[Knote: [m[K  template argument deduction/substitution failed:
[01m[K/home/cexxo39/excercise4_ws/src/my_package/src/laserScanner.cpp:15:48:[m[K [01;36m[Knote: [m[K  candidate expects 5 arguments, 2 provided
   15 |  ros::Subscriber sub = n.subscribe("/scan",1000[01;36m[K)[m[K;
      |                                                [01;36m[K^[m[K
In file included from [01m[K/opt/ros/noetic/include/ros/ros.h:45[m[K,
                 from [01m[K/home/cexxo39/excercise4_ws/src/my_package/src/laserScanner.cpp:1[m[K:
[01m[K/opt/ros/noetic/include/ros/node_handle.h:475:14:[m[K [01;36m[Knote: [m[Kcandidate: â€˜[01m[Ktemplate<class M, class T> ros::Subscriber ros::NodeHandle::subscribe(const string&, uint32_t, void (T::*)(const boost::shared_ptr<const M>&) const, T*, const ros::TransportHints&)[m[Kâ€™
  475 |   Subscriber [01;36m[Ksubscribe[m[K(const std::string& topic, uint32_t queue_size,
      |              [01;36m[K^~~~~~~~~[m[K
[01m[K/opt/ros/noetic/include/ros/node_handle.h:475:14:[m[K [01;36m[Knote: [m[K  template argument deduction/substitution failed:
[01m[K/home/cexxo39/excercise4_ws/src/my_package/src/laserScanner.cpp:15:48:[m[K [01;36m[Knote: [m[K  candidate expects 5 arguments, 2 provided
   15 |  ros::Subscriber sub = n.subscribe("/scan",1000[01;36m[K)[m[K;
      |                                                [01;36m[K^[m[K
In file included from [01m[K/opt/ros/noetic/include/ros/ros.h:45[m[K,
                 from [01m[K/home/cexxo39/excercise4_ws/src/my_package/src/laserScanner.cpp:1[m[K:
[01m[K/opt/ros/noetic/include/ros/node_handle.h:529:14:[m[K [01;36m[Knote: [m[Kcandidate: â€˜[01m[Ktemplate<class M, class T> ros::Subscriber ros::NodeHandle::subscribe(const string&, uint32_t, void (T::*)(M), const boost::shared_ptr<U>&, const ros::TransportHints&)[m[Kâ€™
  529 |   Subscriber [01;36m[Ksubscribe[m[K(const std::string& topic, uint32_t queue_size, void(T::*fp)(M),
      |              [01;36m[K^~~~~~~~~[m[K
[01m[K/opt/ros/noetic/include/ros/node_handle.h:529:14:[m[K [01;36m[Knote: [m[K  template argument deduction/substitution failed:
[01m[K/home/cexxo39/excercise4_ws/src/my_package/src/laserScanner.cpp:15:48:[m[K [01;36m[Knote: [m[K  candidate expects 5 arguments, 2 provided
   15 |  ros::Subscriber sub = n.subscribe("/scan",1000[01;36m[K)[m[K;
      |                                                [01;36m[K^[m[K
In file included from [01m[K/opt/ros/noetic/include/ros/ros.h:45[m[K,
                 from [01m[K/home/cexxo39/excercise4_ws/src/my_package/src/laserScanner.cpp:1[m[K:
[01m[K/opt/ros/noetic/include/ros/node_handle.h:540:14:[m[K [01;36m[Knote: [m[Kcandidate: â€˜[01m[Ktemplate<class M, class T> ros::Subscriber ros::NodeHandle::subscribe(const string&, uint32_t, void (T::*)(M) const, const boost::shared_ptr<U>&, const ros::TransportHints&)[m[Kâ€™
  540 |   Subscriber [01;36m[Ksubscribe[m[K(const std::string& topic, uint32_t queue_size, void(T::*fp)(M) const,
      |              [01;36m[K^~~~~~~~~[m[K
[01m[K/opt/ros/noetic/include/ros/node_handle.h:540:14:[m[K [01;36m[Knote: [m[K  template argument deduction/substitution failed:
[01m[K/home/cexxo39/excercise4_ws/src/my_package/src/laserScanner.cpp:15:48:[m[K [01;36m[Knote: [m[K  candidate expects 5 arguments, 2 provided
   15 |  ros::Subscriber sub = n.subscribe("/scan",1000[01;36m[K)[m[K;
      |                                                [01;36m[K^[m[K
In file included from [01m[K/opt/ros/noetic/include/ros/ros.h:45[m[K,
                 from [01m[K/home/cexxo39/excercise4_ws/src/my_package/src/laserScanner.cpp:1[m[K:
[01m[K/opt/ros/noetic/include/ros/node_handle.h:594:14:[m[K [01;36m[Knote: [m[Kcandidate: â€˜[01m[Ktemplate<class M, class T> ros::Subscriber ros::NodeHandle::subscribe(const string&, uint32_t, void (T::*)(const boost::shared_ptr<const M>&), const boost::shared_ptr<U>&, const ros::TransportHints&)[m[Kâ€™
  594 |   Subscriber [01;36m[Ksubscribe[m[K(const std::string& topic, uint32_t queue_size,
      |              [01;36m[K^~~~~~~~~[m[K
[01m[K/opt/ros/noetic/include/ros/node_handle.h:594:14:[m[K [01;36m[Knote: [m[K  template argument deduction/substitution failed:
[01m[K/home/cexxo39/excercise4_ws/src/my_package/src/laserScanner.cpp:15:48:[m[K [01;36m[Knote: [m[K  candidate expects 5 arguments, 2 provided
   15 |  ros::Subscriber sub = n.subscribe("/scan",1000[01;36m[K)[m[K;
      |                                                [01;36m[K^[m[K
In file included from [01m[K/opt/ros/noetic/include/ros/ros.h:45[m[K,
                 from [01m[K/home/cexxo39/excercise4_ws/src/my_package/src/laserScanner.cpp:1[m[K:
[01m[K/opt/ros/noetic/include/ros/node_handle.h:605:14:[m[K [01;36m[Knote: [m[Kcandidate: â€˜[01m[Ktemplate<class M, class T> ros::Subscriber ros::NodeHandle::subscribe(const string&, uint32_t, void (T::*)(const boost::shared_ptr<const M>&) const, const boost::shared_ptr<U>&, const ros::TransportHints&)[m[Kâ€™
  605 |   Subscriber [01;36m[Ksubscribe[m[K(const std::string& topic, uint32_t queue_size,
      |              [01;36m[K^~~~~~~~~[m[K
[01m[K/opt/ros/noetic/include/ros/node_handle.h:605:14:[m[K [01;36m[Knote: [m[K  template argument deduction/substitution failed:
[01m[K/home/cexxo39/excercise4_ws/src/my_package/src/laserScanner.cpp:15:48:[m[K [01;36m[Knote: [m[K  candidate expects 5 arguments, 2 provided
   15 |  ros::Subscriber sub = n.subscribe("/scan",1000[01;36m[K)[m[K;
      |                                                [01;36m[K^[m[K
In file included from [01m[K/opt/ros/noetic/include/ros/ros.h:45[m[K,
                 from [01m[K/home/cexxo39/excercise4_ws/src/my_package/src/laserScanner.cpp:1[m[K:
[01m[K/opt/ros/noetic/include/ros/node_handle.h:656:14:[m[K [01;36m[Knote: [m[Kcandidate: â€˜[01m[Ktemplate<class M> ros::Subscriber ros::NodeHandle::subscribe(const string&, uint32_t, void (*)(M), const ros::TransportHints&)[m[Kâ€™
  656 |   Subscriber [01;36m[Ksubscribe[m[K(const std::string& topic, uint32_t queue_size, void(*fp)(M), const TransportHints& transport_hints = TransportHints())
      |              [01;36m[K^~~~~~~~~[m[K
[01m[K/opt/ros/noetic/include/ros/node_handle.h:656:14:[m[K [01;36m[Knote: [m[K  template argument deduction/substitution failed:
[01m[K/home/cexxo39/excercise4_ws/src/my_package/src/laserScanner.cpp:15:48:[m[K [01;36m[Knote: [m[K  candidate expects 4 arguments, 2 provided
   15 |  ros::Subscriber sub = n.subscribe("/scan",1000[01;36m[K)[m[K;
      |                                                [01;36m[K^[m[K
In file included from [01m[K/opt/ros/noetic/include/ros/ros.h:45[m[K,
                 from [01m[K/home/cexxo39/excercise4_ws/src/my_package/src/laserScanner.cpp:1[m[K:
[01m[K/opt/ros/noetic/include/ros/node_handle.h:704:14:[m[K [01;36m[Knote: [m[Kcandidate: â€˜[01m[Ktemplate<class M> ros::Subscriber ros::NodeHandle::subscribe(const string&, uint32_t, void (*)(const boost::shared_ptr<const M>&), const ros::TransportHints&)[m[Kâ€™
  704 |   Subscriber [01;36m[Ksubscribe[m[K(const std::string& topic, uint32_t queue_size, void(*fp)(const boost::shared_ptr<M const>&), const TransportHints& transport_hints = TransportHints())
      |              [01;36m[K^~~~~~~~~[m[K
[01m[K/opt/ros/noetic/include/ros/node_handle.h:704:14:[m[K [01;36m[Knote: [m[K  template argument deduction/substitution failed:
[01m[K/home/cexxo39/excercise4_ws/src/my_package/src/laserScanner.cpp:15:48:[m[K [01;36m[Knote: [m[K  candidate expects 4 arguments, 2 provided
   15 |  ros::Subscriber sub = n.subscribe("/scan",1000[01;36m[K)[m[K;
      |                                                [01;36m[K^[m[K
In file included from [01m[K/opt/ros/noetic/include/ros/ros.h:45[m[K,
                 from [01m[K/home/cexxo39/excercise4_ws/src/my_package/src/laserScanner.cpp:1[m[K:
[01m[K/opt/ros/noetic/include/ros/node_handle.h:750:14:[m[K [01;36m[Knote: [m[Kcandidate: â€˜[01m[Ktemplate<class M> ros::Subscriber ros::NodeHandle::subscribe(const string&, uint32_t, const boost::function<void(const boost::shared_ptr<const M>&)>&, const VoidConstPtr&, const ros::TransportHints&)[m[Kâ€™
  750 |   Subscriber [01;36m[Ksubscribe[m[K(const std::string& topic, uint32_t queue_size, const boost::function<void (const boost::shared_ptr<M const>&)>& callback,
      |              [01;36m[K^~~~~~~~~[m[K
[01m[K/opt/ros/noetic/include/ros/node_handle.h:750:14:[m[K [01;36m[Knote: [m[K  template argument deduction/substitution failed:
[01m[K/home/cexxo39/excercise4_ws/src/my_package/src/laserScanner.cpp:15:48:[m[K [01;36m[Knote: [m[K  candidate expects 5 arguments, 2 provided
   15 |  ros::Subscriber sub = n.subscribe("/scan",1000[01;36m[K)[m[K;
      |                                                [01;36m[K^[m[K
In file included from [01m[K/opt/ros/noetic/include/ros/ros.h:45[m[K,
                 from [01m[K/home/cexxo39/excercise4_ws/src/my_package/src/laserScanner.cpp:1[m[K:
[01m[K/opt/ros/noetic/include/ros/node_handle.h:799:14:[m[K [01;36m[Knote: [m[Kcandidate: â€˜[01m[Ktemplate<class M, class C> ros::Subscriber ros::NodeHandle::subscribe(const string&, uint32_t, const boost::function<void(C)>&, const VoidConstPtr&, const ros::TransportHints&)[m[Kâ€™
  799 |   Subscriber [01;36m[Ksubscribe[m[K(const std::string& topic, uint32_t queue_size, const boost::function<void (C)>& callback,
      |              [01;36m[K^~~~~~~~~[m[K
[01m[K/opt/ros/noetic/include/ros/node_handle.h:799:14:[m[K [01;36m[Knote: [m[K  template argument deduction/substitution failed:
[01m[K/home/cexxo39/excercise4_ws/src/my_package/src/laserScanner.cpp:15:48:[m[K [01;36m[Knote: [m[K  candidate expects 5 arguments, 2 provided
   15 |  ros::Subscriber sub = n.subscribe("/scan",1000[01;36m[K)[m[K;
      |                                                [01;36m[K^[m[K
In file included from [01m[K/opt/ros/noetic/include/ros/ros.h:45[m[K,
                 from [01m[K/home/cexxo39/excercise4_ws/src/my_package/src/laserScanner.cpp:1[m[K:
[01m[K/opt/ros/noetic/include/ros/node_handle.h:836:14:[m[K [01;36m[Knote: [m[Kcandidate: â€˜[01m[Kros::Subscriber ros::NodeHandle::subscribe(ros::SubscribeOptions&)[m[Kâ€™
  836 |   Subscriber [01;36m[Ksubscribe[m[K(SubscribeOptions& ops);
      |              [01;36m[K^~~~~~~~~[m[K
[01m[K/opt/ros/noetic/include/ros/node_handle.h:836:14:[m[K [01;36m[Knote: [m[K  candidate expects 1 argument, 2 provided
[01m[K/home/cexxo39/excercise4_ws/src/my_package/src/laserScanner.cpp:16:35:[m[K [01;31m[Kerror: [m[Kâ€˜[01m[Kls[m[Kâ€™ declared as reference but not initialized
   16 |  const sensor_msgs::LaserScanPtr& [01;31m[Kls[m[K;
      |                                   [01;31m[K^~[m[K
[01m[K/home/cexxo39/excercise4_ws/src/my_package/src/laserScanner.cpp:17:7:[m[K [01;35m[Kwarning: [m[Kstructured bindings only available with â€˜[01m[K-std=c++17[m[Kâ€™ or â€˜[01m[K-std=gnu++17[m[Kâ€™
   17 |  float[01;35m[K[[m[K] ranges = ls->ranges;
      |       [01;35m[K^[m[K
[01m[K/home/cexxo39/excercise4_ws/src/my_package/src/laserScanner.cpp:17:7:[m[K [01;31m[Kerror: [m[Kstructured binding declaration cannot have type â€˜[01m[Kfloat[m[Kâ€™
   17 |  float[01;31m[K[][m[K ranges = ls->ranges;
      |       [01;31m[K^~[m[K
[01m[K/home/cexxo39/excercise4_ws/src/my_package/src/laserScanner.cpp:17:7:[m[K [01;36m[Knote: [m[Ktype must be cv-qualified â€˜[01m[Kauto[m[Kâ€™ or reference to cv-qualified â€˜[01m[Kauto[m[Kâ€™
[01m[K/home/cexxo39/excercise4_ws/src/my_package/src/laserScanner.cpp:17:7:[m[K [01;31m[Kerror: [m[Kempty structured binding declaration
[01m[K/home/cexxo39/excercise4_ws/src/my_package/src/laserScanner.cpp:17:10:[m[K [01;31m[Kerror: [m[Kexpected initializer before â€˜[01m[Kranges[m[Kâ€™
   17 |  float[] [01;31m[Kranges[m[K = ls->ranges;
      |          [01;31m[K^~~~~~[m[K
In file included from [01m[K/opt/ros/noetic/include/ros/ros.h:40[m[K,
                 from [01m[K/home/cexxo39/excercise4_ws/src/my_package/src/laserScanner.cpp:1[m[K:
[01m[K/home/cexxo39/excercise4_ws/src/my_package/src/laserScanner.cpp:21:35:[m[K [01;31m[Kerror: [m[Kâ€˜[01m[Kranges[m[Kâ€™ was not declared in this scope; did you mean â€˜[01m[Krange[m[Kâ€™?
   21 |    ROS_INFO("the range %i is %f", [01;31m[Kranges[m[K[i])
      |                                   [01;31m[K^~~~~~[m[K
[01m[K/opt/ros/noetic/include/ros/console.h:351:165:[m[K [01;36m[Knote: [m[Kin definition of macro â€˜[01m[KROSCONSOLE_PRINT_AT_LOCATION_WITH_FILTER[m[Kâ€™
  351 |     ::ros::console::print(filter, __rosconsole_define_location__loc.logger_, __rosconsole_define_location__loc.level_, __FILE__, __LINE__, __ROSCONSOLE_FUNCTION__, [01;36m[K__VA_ARGS__[m[K)
      |                                                                                                                                                                     [01;36m[K^~~~~~~~~~~[m[K
[01m[K/opt/ros/noetic/include/ros/console.h:390:7:[m[K [01;36m[Knote: [m[Kin expansion of macro â€˜[01m[KROSCONSOLE_PRINT_AT_LOCATION[m[Kâ€™
  390 |       [01;36m[KROSCONSOLE_PRINT_AT_LOCATION[m[K(__VA_ARGS__); \
      |       [01;36m[K^~~~~~~~~~~~~~~~~~~~~~~~~~~~[m[K
[01m[K/opt/ros/noetic/include/ros/console.h:575:35:[m[K [01;36m[Knote: [m[Kin expansion of macro â€˜[01m[KROS_LOG_COND[m[Kâ€™
  575 | #define ROS_LOG(level, name, ...) [01;36m[KROS_LOG_COND[m[K(true, level, name, __VA_ARGS__)
      |                                   [01;36m[K^~~~~~~~~~~~[m[K
[01m[K/opt/ros/noetic/include/rosconsole/macros_generated.h:110:23:[m[K [01;36m[Knote: [m[Kin expansion of macro â€˜[01m[KROS_LOG[m[Kâ€™
  110 | #define ROS_INFO(...) [01;36m[KROS_LOG[m[K(::ros::console::levels::Info, ROSCONSOLE_DEFAULT_NAME, __VA_ARGS__)
      |                       [01;36m[K^~~~~~~[m[K
[01m[K/home/cexxo39/excercise4_ws/src/my_package/src/laserScanner.cpp:21:4:[m[K [01;36m[Knote: [m[Kin expansion of macro â€˜[01m[KROS_INFO[m[Kâ€™
   21 |    [01;36m[KROS_INFO[m[K("the range %i is %f", ranges[i])
      |    [01;36m[K^~~~~~~~[m[K
[01m[K/home/cexxo39/excercise4_ws/src/my_package/src/laserScanner.cpp:22:3:[m[K [01;31m[Kerror: [m[Kexpected â€˜[01m[K;[m[Kâ€™ before â€˜[01m[Kros[m[Kâ€™
   22 |   [01;31m[Kros[m[K::spinOnce();
      |   [01;31m[K^~~[m[K
make[2]: *** [CMakeFiles/laserScanner.dir/build.make:63: CMakeFiles/laserScanner.dir/src/laserScanner.cpp.o] Error 1
make[1]: *** [CMakeFiles/Makefile2:701: CMakeFiles/laserScanner.dir/all] Error 2
make: *** [Makefile:141: all] Error 2
