[  0%] Built target actionlib_msgs_generate_messages_py
[  0%] Built target actionlib_msgs_generate_messages_lisp
[  0%] Built target actionlib_msgs_generate_messages_cpp
[  0%] Built target actionlib_msgs_generate_messages_eus
[  0%] Built target actionlib_msgs_generate_messages_nodejs
[  0%] Built target my_package_generate_messages_lisp
[  0%] Built target my_package_generate_messages_cpp
[ 33%] Built target my_package_generate_messages_py
[ 33%] Built target my_package_generate_messages_eus
[ 33%] Built target my_package_generate_messages_nodejs
[35m[1mScanning dependencies of target laserScanner[0m
[ 33%] Built target my_package_generate_messages
[ 66%] [32mBuilding CXX object CMakeFiles/laserScanner.dir/src/laserScanner.cpp.o[0m
[01m[K/home/cexxo/excercise4_ws/src/my_package/src/laserScanner.cpp:[m[K In function â€˜[01m[Kvoid msgCallback(const LaserScanPtr&)[m[Kâ€™:
[01m[K/home/cexxo/excercise4_ws/src/my_package/src/laserScanner.cpp:76:42:[m[K [01;31m[Kerror: [m[Kâ€˜[01m[KmaxClustNum[m[Kâ€™ was not declared in this scope
   76 |  std::vector<std::vector<float>> centers([01;31m[KmaxClustNum[m[K);
      |                                          [01;31m[K^~~~~~~~~~~[m[K
make[2]: *** [CMakeFiles/laserScanner.dir/build.make:63: CMakeFiles/laserScanner.dir/src/laserScanner.cpp.o] Error 1
make[1]: *** [CMakeFiles/Makefile2:701: CMakeFiles/laserScanner.dir/all] Error 2
make: *** [Makefile:141: all] Error 2
