[01m[K/home/cexxo39/excercise4_ws/src/my_package/src/laserScanner.cpp:[m[K In function â€˜[01m[Kint main(int, char**)[m[Kâ€™:
[01m[K/home/cexxo39/excercise4_ws/src/my_package/src/laserScanner.cpp:16:28:[m[K [01;31m[Kerror: [m[Kcannot call member function â€˜[01m[Kvoid ros::Subscriber::shutdown()[m[Kâ€™ without object
   16 |  ros::Subscriber::shutdown([01;31m[K)[m[K;
      |                            [01;31m[K^[m[K
make[2]: *** [CMakeFiles/laserScanner.dir/build.make:63: CMakeFiles/laserScanner.dir/src/laserScanner.cpp.o] Error 1
make[1]: *** [CMakeFiles/Makefile2:701: CMakeFiles/laserScanner.dir/all] Error 2
make: *** [Makefile:141: all] Error 2
