[01m[K/home/cexxo/excercise4_ws/src/my_package/src/laserScanner.cpp:[m[K In function â€˜[01m[Kvoid msgCallback(const LaserScanPtr&)[m[Kâ€™:
[01m[K/home/cexxo/excercise4_ws/src/my_package/src/laserScanner.cpp:7:35:[m[K [01;31m[Kerror: [m[Ktemplate argument 1 is invalid
    7 |  std::vector<std::<vector<float>> [01;31m[Kpoints[m[K;
      |                                   [01;31m[K^~~~~~[m[K
[01m[K/home/cexxo/excercise4_ws/src/my_package/src/laserScanner.cpp:7:35:[m[K [01;31m[Kerror: [m[Ktemplate argument 2 is invalid
[01m[K/home/cexxo/excercise4_ws/src/my_package/src/laserScanner.cpp:13:4:[m[K [01;31m[Kerror: [m[Kâ€˜[01m[Kpoints[m[Kâ€™ was not declared in this scope; did you mean â€˜[01m[Kprintf[m[Kâ€™?
   13 |    [01;31m[Kpoints[m[K.push_back(std::vector<float>(i*ls->angle_increment*cos(ls->ranges[i]),i*ls->angle_increment*sin(ls->ranges[i]));
      |    [01;31m[K^~~~~~[m[K
      |    [32m[Kprintf[m[K
[01m[K/home/cexxo/excercise4_ws/src/my_package/src/laserScanner.cpp:13:122:[m[K [01;31m[Kerror: [m[Kexpected â€˜[01m[K)[m[Kâ€™ before â€˜[01m[K;[m[Kâ€™ token
   13 |    points.push_back[34m[K([m[Kstd::vector<float>(i*ls->angle_increment*cos(ls->ranges[i]),i*ls->angle_increment*sin(ls->ranges[i]))[01;31m[K;[m[K
      |                    [34m[K~[m[K                                                                                                     [01;31m[K^[m[K
      |                                                                                                                          [32m[K)[m[K
[01m[K/home/cexxo/excercise4_ws/src/my_package/src/laserScanner.cpp:17:17:[m[K [01;31m[Kerror: [m[Kâ€˜[01m[Kpoints[m[Kâ€™ was not declared in this scope; did you mean â€˜[01m[Kprintf[m[Kâ€™?
   17 |  for(int i=0; i<[01;31m[Kpoints[m[K.size();i++)
      |                 [01;31m[K^~~~~~[m[K
      |                 [32m[Kprintf[m[K
In file included from [01m[K/opt/ros/noetic/include/ros/ros.h:40[m[K,
                 from [01m[K/home/cexxo/excercise4_ws/src/my_package/src/laserScanner.cpp:1[m[K:
[01m[K/home/cexxo/excercise4_ws/src/my_package/src/laserScanner.cpp:18:55:[m[K [01;31m[Kerror: [m[Kâ€˜[01m[Kpoint[m[Kâ€™ was not declared in this scope
   18 |   ROS_INFO("point %d is %f,%f",labels[i],points[i][0],[01;31m[Kpoint[m[K[i][1]);
      |                                                       [01;31m[K^~~~~[m[K
[01m[K/opt/ros/noetic/include/ros/console.h:351:165:[m[K [01;36m[Knote: [m[Kin definition of macro â€˜[01m[KROSCONSOLE_PRINT_AT_LOCATION_WITH_FILTER[m[Kâ€™
  351 |     ::ros::console::print(filter, __rosconsole_define_location__loc.logger_, __rosconsole_define_location__loc.level_, __FILE__, __LINE__, __ROSCONSOLE_FUNCTION__, [01;36m[K__VA_ARGS__[m[K)
      |                                                                                                                                                                     [01;36m[K^~~~~~~~~~~[m[K
[01m[K/opt/ros/noetic/include/ros/console.h:390:7:[m[K [01;36m[Knote: [m[Kin expansion of macro â€˜[01m[KROSCONSOLE_PRINT_AT_LOCATION[m[Kâ€™
  390 |       [01;36m[KROSCONSOLE_PRINT_AT_LOCATION[m[K(__VA_ARGS__); \
      |       [01;36m[K^~~~~~~~~~~~~~~~~~~~~~~~~~~~[m[K
[01m[K/opt/ros/noetic/include/ros/console.h:575:35:[m[K [01;36m[Knote: [m[Kin expansion of macro â€˜[01m[KROS_LOG_COND[m[Kâ€™
  575 | #define ROS_LOG(level, name, ...) [01;36m[KROS_LOG_COND[m[K(true, level, name, __VA_ARGS__)
      |                                   [01;36m[K^~~~~~~~~~~~[m[K
[01m[K/opt/ros/noetic/include/rosconsole/macros_generated.h:110:23:[m[K [01;36m[Knote: [m[Kin expansion of macro â€˜[01m[KROS_LOG[m[Kâ€™
  110 | #define ROS_INFO(...) [01;36m[KROS_LOG[m[K(::ros::console::levels::Info, ROSCONSOLE_DEFAULT_NAME, __VA_ARGS__)
      |                       [01;36m[K^~~~~~~[m[K
[01m[K/home/cexxo/excercise4_ws/src/my_package/src/laserScanner.cpp:18:3:[m[K [01;36m[Knote: [m[Kin expansion of macro â€˜[01m[KROS_INFO[m[Kâ€™
   18 |   [01;36m[KROS_INFO[m[K("point %d is %f,%f",labels[i],points[i][0],point[i][1]);
      |   [01;36m[K^~~~~~~~[m[K
make[2]: *** [CMakeFiles/laserScanner.dir/build.make:63: CMakeFiles/laserScanner.dir/src/laserScanner.cpp.o] Error 1
make[1]: *** [CMakeFiles/Makefile2:701: CMakeFiles/laserScanner.dir/all] Error 2
make: *** [Makefile:141: all] Error 2
