[01m[K/home/cexxo39/excercise4_ws/src/my_package/src/laserScanner.cpp:2:10:[m[K [01;31m[Kfatal error: [m[Ksensor_msgs/LaserScanner.h: No such file or directory
    2 | #include [01;31m[K"sensor_msgs/LaserScanner.h"[m[K
      |          [01;31m[K^~~~~~~~~~~~~~~~~~~~~~~~~~~~[m[K
compilation terminated.
make[2]: *** [CMakeFiles/laserScanner.dir/build.make:63: CMakeFiles/laserScanner.dir/src/laserScanner.cpp.o] Error 1
make[1]: *** [CMakeFiles/Makefile2:701: CMakeFiles/laserScanner.dir/all] Error 2
make: *** [Makefile:141: all] Error 2
