[01m[K/home/cexxo/excercise4_ws/src/my_package/src/laserScanner.cpp:[m[K In function â€˜[01m[Kvoid clustering(std::vector<std::vector<float> >, std::vector<std::vector<float> >&, int)[m[Kâ€™:
[01m[K/home/cexxo/excercise4_ws/src/my_package/src/laserScanner.cpp:11:52:[m[K [01;31m[Kerror: [m[Kâ€˜[01m[Kccounter[m[Kâ€™ was not declared in this scope; did you mean â€˜[01m[Kcounter[m[Kâ€™?
   11 |     if(points[j][0] <= centers[i][0]-tollerance && [01;31m[Kccounter[m[K < k-1){
      |                                                    [01;31m[K^~~~~~~~[m[K
      |                                                    [32m[Kcounter[m[K
make[2]: *** [CMakeFiles/laserScanner.dir/build.make:63: CMakeFiles/laserScanner.dir/src/laserScanner.cpp.o] Error 1
make[1]: *** [CMakeFiles/Makefile2:701: CMakeFiles/laserScanner.dir/all] Error 2
make: *** [Makefile:141: all] Error 2
