[01m[K/home/cexxo/excercise4_ws/src/my_package/src/laserScanner.cpp:[m[K In function â€˜[01m[Kvoid msgCallback(const LaserScanPtr&)[m[Kâ€™:
[01m[K/home/cexxo/excercise4_ws/src/my_package/src/laserScanner.cpp:13:122:[m[K [01;31m[Kerror: [m[Kexpected â€˜[01m[K)[m[Kâ€™ before â€˜[01m[K;[m[Kâ€™ token
   13 |    points.push_back[34m[K([m[Kstd::vector<float>(i*ls->angle_increment*cos(ls->ranges[i]),i*ls->angle_increment*sin(ls->ranges[i]))[01;31m[K;[m[K
      |                    [34m[K~[m[K                                                                                                     [01;31m[K^[m[K
      |                                                                                                                          [32m[K)[m[K
make[2]: *** [CMakeFiles/laserScanner.dir/build.make:63: CMakeFiles/laserScanner.dir/src/laserScanner.cpp.o] Error 1
make[1]: *** [CMakeFiles/Makefile2:701: CMakeFiles/laserScanner.dir/all] Error 2
make: *** [Makefile:141: all] Error 2
